[0.009s] Invoking command in '/home/humble/humble_ws/build/cpp_pubsub': CMAKE_PREFIX_PATH=${CMAKE_PREFIX_PATH}:/opt/ros/humble /usr/bin/cmake /home/humble/humble_ws/src/cpp_pubsub -DCMAKE_INSTALL_PREFIX=/home/humble/humble_ws/install/cpp_pubsub
[0.052s] -- The C compiler identification is GNU 11.4.0
[0.092s] -- The CXX compiler identification is GNU 11.4.0
[0.099s] -- Detecting C compiler ABI info
[0.151s] -- Detecting C compiler ABI info - done
[0.156s] -- Check for working C compiler: /usr/bin/cc - skipped
[0.156s] -- Detecting C compile features
[0.156s] -- Detecting C compile features - done
[0.158s] -- Detecting CXX compiler ABI info
[0.214s] -- Detecting CXX compiler ABI info - done
[0.220s] -- Check for working CXX compiler: /usr/bin/c++ - skipped
[0.220s] -- Detecting CXX compile features
[0.221s] -- Detecting CXX compile features - done
[0.222s] -- Found ament_cmake: 1.3.12 (/opt/ros/humble/share/ament_cmake/cmake)
[0.304s] -- Found Python3: /usr/bin/python3 (found version "3.10.12") found components: Interpreter 
[0.364s] -- Found rclcpp: 16.0.15 (/opt/ros/humble/share/rclcpp/cmake)
[0.397s] -- Found rosidl_generator_c: 3.1.7 (/opt/ros/humble/share/rosidl_generator_c/cmake)
[0.401s] -- Found rosidl_adapter: 3.1.7 (/opt/ros/humble/share/rosidl_adapter/cmake)
[0.407s] -- Found rosidl_generator_cpp: 3.1.7 (/opt/ros/humble/share/rosidl_generator_cpp/cmake)
[0.418s] -- Using all available rosidl_typesupport_c: rosidl_typesupport_fastrtps_c;rosidl_typesupport_introspection_c
[0.437s] -- Using all available rosidl_typesupport_cpp: rosidl_typesupport_fastrtps_cpp;rosidl_typesupport_introspection_cpp
[0.475s] -- Found rmw_implementation_cmake: 6.1.2 (/opt/ros/humble/share/rmw_implementation_cmake/cmake)
[0.477s] -- Found rmw_fastrtps_cpp: 6.2.8 (/opt/ros/humble/share/rmw_fastrtps_cpp/cmake)
[0.547s] -- Found OpenSSL: /usr/lib/x86_64-linux-gnu/libcrypto.so (found version "3.0.2")  
[0.560s] -- Found FastRTPS: /opt/ros/humble/include  
[0.580s] -- Using RMW implementation 'rmw_fastrtps_cpp' as default
[0.587s] -- Looking for pthread.h
[0.652s] -- Looking for pthread.h - found
[0.652s] -- Performing Test CMAKE_HAVE_LIBC_PTHREAD
[0.702s] -- Performing Test CMAKE_HAVE_LIBC_PTHREAD - Success
[0.703s] -- Found Threads: TRUE  
[0.805s] -- Configuring done
[0.812s] -- Generating done
[0.815s] -- Build files have been written to: /home/humble/humble_ws/build/cpp_pubsub
[0.821s] Invoked command in '/home/humble/humble_ws/build/cpp_pubsub' returned '0': CMAKE_PREFIX_PATH=${CMAKE_PREFIX_PATH}:/opt/ros/humble /usr/bin/cmake /home/humble/humble_ws/src/cpp_pubsub -DCMAKE_INSTALL_PREFIX=/home/humble/humble_ws/install/cpp_pubsub
[0.823s] Invoking command in '/home/humble/humble_ws/build/cpp_pubsub': CMAKE_PREFIX_PATH=${CMAKE_PREFIX_PATH}:/opt/ros/humble /usr/bin/cmake --build /home/humble/humble_ws/build/cpp_pubsub -- -j18 -l18
[0.866s] [ 25%] [32mBuilding CXX object CMakeFiles/listener.dir/src/subscriber.cpp.o[0m
[0.866s] [ 50%] [32mBuilding CXX object CMakeFiles/talker.dir/src/publisher.cpp.o[0m
[3.839s] [ 75%] [32m[1mLinking CXX executable talker[0m
[3.981s] [ 75%] Built target talker
[6.356s] [100%] [32m[1mLinking CXX executable listener[0m
[6.603s] [100%] Built target listener
[6.614s] Invoked command in '/home/humble/humble_ws/build/cpp_pubsub' returned '0': CMAKE_PREFIX_PATH=${CMAKE_PREFIX_PATH}:/opt/ros/humble /usr/bin/cmake --build /home/humble/humble_ws/build/cpp_pubsub -- -j18 -l18
[6.615s] Invoking command in '/home/humble/humble_ws/build/cpp_pubsub': CMAKE_PREFIX_PATH=${CMAKE_PREFIX_PATH}:/opt/ros/humble /usr/bin/cmake --install /home/humble/humble_ws/build/cpp_pubsub
[6.619s] -- Install configuration: ""
[6.619s] -- Installing: /home/humble/humble_ws/install/cpp_pubsub/lib/cpp_pubsub/talker
[6.620s] -- Set runtime path of "/home/humble/humble_ws/install/cpp_pubsub/lib/cpp_pubsub/talker" to ""
[6.620s] -- Installing: /home/humble/humble_ws/install/cpp_pubsub/lib/cpp_pubsub/listener
[6.623s] -- Set runtime path of "/home/humble/humble_ws/install/cpp_pubsub/lib/cpp_pubsub/listener" to ""
[6.623s] -- Installing: /home/humble/humble_ws/install/cpp_pubsub/share/ament_index/resource_index/package_run_dependencies/cpp_pubsub
[6.623s] -- Installing: /home/humble/humble_ws/install/cpp_pubsub/share/ament_index/resource_index/parent_prefix_path/cpp_pubsub
[6.623s] -- Installing: /home/humble/humble_ws/install/cpp_pubsub/share/cpp_pubsub/environment/ament_prefix_path.sh
[6.623s] -- Installing: /home/humble/humble_ws/install/cpp_pubsub/share/cpp_pubsub/environment/ament_prefix_path.dsv
[6.623s] -- Installing: /home/humble/humble_ws/install/cpp_pubsub/share/cpp_pubsub/environment/path.sh
[6.624s] -- Installing: /home/humble/humble_ws/install/cpp_pubsub/share/cpp_pubsub/environment/path.dsv
[6.624s] -- Installing: /home/humble/humble_ws/install/cpp_pubsub/share/cpp_pubsub/local_setup.bash
[6.624s] -- Installing: /home/humble/humble_ws/install/cpp_pubsub/share/cpp_pubsub/local_setup.sh
[6.624s] -- Installing: /home/humble/humble_ws/install/cpp_pubsub/share/cpp_pubsub/local_setup.zsh
[6.624s] -- Installing: /home/humble/humble_ws/install/cpp_pubsub/share/cpp_pubsub/local_setup.dsv
[6.624s] -- Installing: /home/humble/humble_ws/install/cpp_pubsub/share/cpp_pubsub/package.dsv
[6.624s] -- Installing: /home/humble/humble_ws/install/cpp_pubsub/share/ament_index/resource_index/packages/cpp_pubsub
[6.624s] -- Installing: /home/humble/humble_ws/install/cpp_pubsub/share/cpp_pubsub/cmake/cpp_pubsubConfig.cmake
[6.624s] -- Installing: /home/humble/humble_ws/install/cpp_pubsub/share/cpp_pubsub/cmake/cpp_pubsubConfig-version.cmake
[6.624s] -- Installing: /home/humble/humble_ws/install/cpp_pubsub/share/cpp_pubsub/package.xml
[6.627s] Invoked command in '/home/humble/humble_ws/build/cpp_pubsub' returned '0': CMAKE_PREFIX_PATH=${CMAKE_PREFIX_PATH}:/opt/ros/humble /usr/bin/cmake --install /home/humble/humble_ws/build/cpp_pubsub
