[0.013s] Invoking command in '/home/humble/humble_ws/build/pub_sub_pkg': CMAKE_PREFIX_PATH=/opt/ros/humble /usr/bin/cmake /home/humble/humble_ws/src/pub_sub_pkg -DCMAKE_INSTALL_PREFIX=/home/humble/humble_ws/install/pub_sub_pkg
[0.120s] -- The C compiler identification is GNU 11.4.0
[0.183s] -- The CXX compiler identification is GNU 11.4.0
[0.191s] -- Detecting C compiler ABI info
[0.243s] -- Detecting C compiler ABI info - done
[0.247s] -- Check for working C compiler: /usr/bin/cc - skipped
[0.248s] -- Detecting C compile features
[0.248s] -- Detecting C compile features - done
[0.251s] -- Detecting CXX compiler ABI info
[0.307s] -- Detecting CXX compiler ABI info - done
[0.312s] -- Check for working CXX compiler: /usr/bin/c++ - skipped
[0.312s] -- Detecting CXX compile features
[0.313s] -- Detecting CXX compile features - done
[0.319s] -- Found ament_cmake: 1.3.12 (/opt/ros/humble/share/ament_cmake/cmake)
[0.407s] -- Found Python3: /usr/bin/python3 (found version "3.10.12") found components: Interpreter 
[0.480s] -- Found ament_lint_auto: 0.12.14 (/opt/ros/humble/share/ament_lint_auto/cmake)
[0.531s] -- Added test 'lint_cmake' to check CMake code style
[0.532s] -- Added test 'xmllint' to check XML markup files
[0.532s] -- Configuring done
[0.534s] -- Generating done
[0.535s] -- Build files have been written to: /home/humble/humble_ws/build/pub_sub_pkg
[0.539s] Invoked command in '/home/humble/humble_ws/build/pub_sub_pkg' returned '0': CMAKE_PREFIX_PATH=/opt/ros/humble /usr/bin/cmake /home/humble/humble_ws/src/pub_sub_pkg -DCMAKE_INSTALL_PREFIX=/home/humble/humble_ws/install/pub_sub_pkg
[0.540s] Invoking command in '/home/humble/humble_ws/build/pub_sub_pkg': CMAKE_PREFIX_PATH=/opt/ros/humble /usr/bin/cmake --build /home/humble/humble_ws/build/pub_sub_pkg -- -j18 -l18
[0.573s] Invoked command in '/home/humble/humble_ws/build/pub_sub_pkg' returned '0': CMAKE_PREFIX_PATH=/opt/ros/humble /usr/bin/cmake --build /home/humble/humble_ws/build/pub_sub_pkg -- -j18 -l18
[0.582s] Invoking command in '/home/humble/humble_ws/build/pub_sub_pkg': CMAKE_PREFIX_PATH=/opt/ros/humble /usr/bin/cmake --install /home/humble/humble_ws/build/pub_sub_pkg
[0.587s] -- Install configuration: ""
[0.587s] -- Installing: /home/humble/humble_ws/install/pub_sub_pkg/share/ament_index/resource_index/package_run_dependencies/pub_sub_pkg
[0.588s] -- Installing: /home/humble/humble_ws/install/pub_sub_pkg/share/ament_index/resource_index/parent_prefix_path/pub_sub_pkg
[0.588s] -- Installing: /home/humble/humble_ws/install/pub_sub_pkg/share/pub_sub_pkg/environment/ament_prefix_path.sh
[0.588s] -- Installing: /home/humble/humble_ws/install/pub_sub_pkg/share/pub_sub_pkg/environment/ament_prefix_path.dsv
[0.588s] -- Installing: /home/humble/humble_ws/install/pub_sub_pkg/share/pub_sub_pkg/environment/path.sh
[0.588s] -- Installing: /home/humble/humble_ws/install/pub_sub_pkg/share/pub_sub_pkg/environment/path.dsv
[0.588s] -- Installing: /home/humble/humble_ws/install/pub_sub_pkg/share/pub_sub_pkg/local_setup.bash
[0.588s] -- Installing: /home/humble/humble_ws/install/pub_sub_pkg/share/pub_sub_pkg/local_setup.sh
[0.588s] -- Installing: /home/humble/humble_ws/install/pub_sub_pkg/share/pub_sub_pkg/local_setup.zsh
[0.588s] -- Installing: /home/humble/humble_ws/install/pub_sub_pkg/share/pub_sub_pkg/local_setup.dsv
[0.589s] -- Installing: /home/humble/humble_ws/install/pub_sub_pkg/share/pub_sub_pkg/package.dsv
[0.589s] -- Installing: /home/humble/humble_ws/install/pub_sub_pkg/share/ament_index/resource_index/packages/pub_sub_pkg
[0.589s] -- Installing: /home/humble/humble_ws/install/pub_sub_pkg/share/pub_sub_pkg/cmake/pub_sub_pkgConfig.cmake
[0.589s] -- Installing: /home/humble/humble_ws/install/pub_sub_pkg/share/pub_sub_pkg/cmake/pub_sub_pkgConfig-version.cmake
[0.589s] -- Installing: /home/humble/humble_ws/install/pub_sub_pkg/share/pub_sub_pkg/package.xml
[0.590s] Invoked command in '/home/humble/humble_ws/build/pub_sub_pkg' returned '0': CMAKE_PREFIX_PATH=/opt/ros/humble /usr/bin/cmake --install /home/humble/humble_ws/build/pub_sub_pkg
