[0.008s] Invoking command in '/home/humble/humble_ws/build/my_package': CMAKE_PREFIX_PATH=${CMAKE_PREFIX_PATH}:/opt/ros/humble /usr/bin/cmake /home/humble/humble_ws/src/my_package -DCMAKE_INSTALL_PREFIX=/home/humble/humble_ws/install/my_package
[0.055s] -- The C compiler identification is GNU 11.4.0
[0.093s] -- The CXX compiler identification is GNU 11.4.0
[0.097s] -- Detecting C compiler ABI info
[0.147s] -- Detecting C compiler ABI info - done
[0.152s] -- Check for working C compiler: /usr/bin/cc - skipped
[0.152s] -- Detecting C compile features
[0.153s] -- Detecting C compile features - done
[0.154s] -- Detecting CXX compiler ABI info
[0.215s] -- Detecting CXX compiler ABI info - done
[0.221s] -- Check for working CXX compiler: /usr/bin/c++ - skipped
[0.221s] -- Detecting CXX compile features
[0.221s] -- Detecting CXX compile features - done
[0.222s] -- Found ament_cmake: 1.3.12 (/opt/ros/humble/share/ament_cmake/cmake)
[0.306s] -- Found Python3: /usr/bin/python3 (found version "3.10.12") found components: Interpreter 
[0.356s] -- Found ament_lint_auto: 0.12.14 (/opt/ros/humble/share/ament_lint_auto/cmake)
[0.400s] -- Added test 'cppcheck' to perform static code analysis on C / C++ code
[0.400s] -- Configured cppcheck include dirs: $<BUILD_INTERFACE:/home/humble/humble_ws/src/my_package/include>
[0.400s] -- Configured cppcheck exclude dirs and/or files: 
[0.400s] -- Added test 'lint_cmake' to check CMake code style
[0.400s] -- Added test 'uncrustify' to check C / C++ code style
[0.400s] -- Configured uncrustify additional arguments: 
[0.401s] -- Added test 'xmllint' to check XML markup files
[0.401s] -- Configuring done
[0.405s] -- Generating done
[0.407s] -- Build files have been written to: /home/humble/humble_ws/build/my_package
[0.410s] Invoked command in '/home/humble/humble_ws/build/my_package' returned '0': CMAKE_PREFIX_PATH=${CMAKE_PREFIX_PATH}:/opt/ros/humble /usr/bin/cmake /home/humble/humble_ws/src/my_package -DCMAKE_INSTALL_PREFIX=/home/humble/humble_ws/install/my_package
[0.412s] Invoking command in '/home/humble/humble_ws/build/my_package': CMAKE_PREFIX_PATH=${CMAKE_PREFIX_PATH}:/opt/ros/humble /usr/bin/cmake --build /home/humble/humble_ws/build/my_package -- -j18 -l18
[0.446s] [ 50%] [32mBuilding CXX object CMakeFiles/my_node.dir/src/my_node.cpp.o[0m
[0.476s] [100%] [32m[1mLinking CXX executable my_node[0m
[0.511s] [100%] Built target my_node
[0.522s] Invoked command in '/home/humble/humble_ws/build/my_package' returned '0': CMAKE_PREFIX_PATH=${CMAKE_PREFIX_PATH}:/opt/ros/humble /usr/bin/cmake --build /home/humble/humble_ws/build/my_package -- -j18 -l18
[0.530s] Invoking command in '/home/humble/humble_ws/build/my_package': CMAKE_PREFIX_PATH=${CMAKE_PREFIX_PATH}:/opt/ros/humble /usr/bin/cmake --install /home/humble/humble_ws/build/my_package
[0.535s] -- Install configuration: ""
[0.535s] -- Installing: /home/humble/humble_ws/install/my_package/lib/my_package/my_node
[0.535s] -- Installing: /home/humble/humble_ws/install/my_package/share/ament_index/resource_index/package_run_dependencies/my_package
[0.535s] -- Installing: /home/humble/humble_ws/install/my_package/share/ament_index/resource_index/parent_prefix_path/my_package
[0.535s] -- Installing: /home/humble/humble_ws/install/my_package/share/my_package/environment/ament_prefix_path.sh
[0.535s] -- Installing: /home/humble/humble_ws/install/my_package/share/my_package/environment/ament_prefix_path.dsv
[0.536s] -- Installing: /home/humble/humble_ws/install/my_package/share/my_package/environment/path.sh
[0.536s] -- Installing: /home/humble/humble_ws/install/my_package/share/my_package/environment/path.dsv
[0.536s] -- Installing: /home/humble/humble_ws/install/my_package/share/my_package/local_setup.bash
[0.536s] -- Installing: /home/humble/humble_ws/install/my_package/share/my_package/local_setup.sh
[0.536s] -- Installing: /home/humble/humble_ws/install/my_package/share/my_package/local_setup.zsh
[0.536s] -- Installing: /home/humble/humble_ws/install/my_package/share/my_package/local_setup.dsv
[0.536s] -- Installing: /home/humble/humble_ws/install/my_package/share/my_package/package.dsv
[0.536s] -- Installing: /home/humble/humble_ws/install/my_package/share/ament_index/resource_index/packages/my_package
[0.536s] -- Installing: /home/humble/humble_ws/install/my_package/share/my_package/cmake/my_packageConfig.cmake
[0.536s] -- Installing: /home/humble/humble_ws/install/my_package/share/my_package/cmake/my_packageConfig-version.cmake
[0.536s] -- Installing: /home/humble/humble_ws/install/my_package/share/my_package/package.xml
[0.538s] Invoked command in '/home/humble/humble_ws/build/my_package' returned '0': CMAKE_PREFIX_PATH=${CMAKE_PREFIX_PATH}:/opt/ros/humble /usr/bin/cmake --install /home/humble/humble_ws/build/my_package
