[0.009s] Invoking command in '/home/humble/humble_ws/build/cpp_pubsub': CMAKE_PREFIX_PATH=/opt/ros/humble /usr/bin/cmake --build /home/humble/humble_ws/build/cpp_pubsub -- -j18 -l18
[0.038s] [35m[1mConsolidate compiler generated dependencies of target talker[0m
[0.040s] [35m[1mConsolidate compiler generated dependencies of target listener[0m
[0.054s] [ 50%] Built target talker
[0.057s] [100%] Built target listener
[0.066s] Invoked command in '/home/humble/humble_ws/build/cpp_pubsub' returned '0': CMAKE_PREFIX_PATH=/opt/ros/humble /usr/bin/cmake --build /home/humble/humble_ws/build/cpp_pubsub -- -j18 -l18
[0.067s] Invoking command in '/home/humble/humble_ws/build/cpp_pubsub': CMAKE_PREFIX_PATH=/opt/ros/humble /usr/bin/cmake --install /home/humble/humble_ws/build/cpp_pubsub
[0.072s] -- Install configuration: ""
[0.072s] -- Up-to-date: /home/humble/humble_ws/install/cpp_pubsub/lib/cpp_pubsub/talker
[0.073s] -- Up-to-date: /home/humble/humble_ws/install/cpp_pubsub/lib/cpp_pubsub/listener
[0.073s] -- Up-to-date: /home/humble/humble_ws/install/cpp_pubsub/share/ament_index/resource_index/package_run_dependencies/cpp_pubsub
[0.073s] -- Up-to-date: /home/humble/humble_ws/install/cpp_pubsub/share/ament_index/resource_index/parent_prefix_path/cpp_pubsub
[0.074s] -- Up-to-date: /home/humble/humble_ws/install/cpp_pubsub/share/cpp_pubsub/environment/ament_prefix_path.sh
[0.074s] -- Up-to-date: /home/humble/humble_ws/install/cpp_pubsub/share/cpp_pubsub/environment/ament_prefix_path.dsv
[0.074s] -- Up-to-date: /home/humble/humble_ws/install/cpp_pubsub/share/cpp_pubsub/environment/path.sh
[0.074s] -- Up-to-date: /home/humble/humble_ws/install/cpp_pubsub/share/cpp_pubsub/environment/path.dsv
[0.074s] -- Up-to-date: /home/humble/humble_ws/install/cpp_pubsub/share/cpp_pubsub/local_setup.bash
[0.074s] -- Up-to-date: /home/humble/humble_ws/install/cpp_pubsub/share/cpp_pubsub/local_setup.sh
[0.074s] -- Up-to-date: /home/humble/humble_ws/install/cpp_pubsub/share/cpp_pubsub/local_setup.zsh
[0.074s] -- Up-to-date: /home/humble/humble_ws/install/cpp_pubsub/share/cpp_pubsub/local_setup.dsv
[0.074s] -- Installing: /home/humble/humble_ws/install/cpp_pubsub/share/cpp_pubsub/package.dsv
[0.075s] -- Up-to-date: /home/humble/humble_ws/install/cpp_pubsub/share/ament_index/resource_index/packages/cpp_pubsub
[0.075s] -- Up-to-date: /home/humble/humble_ws/install/cpp_pubsub/share/cpp_pubsub/cmake/cpp_pubsubConfig.cmake
[0.075s] -- Up-to-date: /home/humble/humble_ws/install/cpp_pubsub/share/cpp_pubsub/cmake/cpp_pubsubConfig-version.cmake
[0.075s] -- Up-to-date: /home/humble/humble_ws/install/cpp_pubsub/share/cpp_pubsub/package.xml
[0.086s] Invoked command in '/home/humble/humble_ws/build/cpp_pubsub' returned '0': CMAKE_PREFIX_PATH=/opt/ros/humble /usr/bin/cmake --install /home/humble/humble_ws/build/cpp_pubsub
