[0.060s] DEBUG:colcon:Command line arguments: ['/usr/bin/colcon', 'build']
[0.060s] DEBUG:colcon:Parsed command line arguments: Namespace(log_base=None, log_level=None, verb_name='build', build_base='build', install_base='install', merge_install=False, symlink_install=False, test_result_base=None, continue_on_error=False, executor='parallel', parallel_workers=18, event_handlers=None, ignore_user_meta=False, metas=['./colcon.meta'], base_paths=['.'], packages_ignore=None, packages_ignore_regex=None, paths=None, packages_up_to=None, packages_up_to_regex=None, packages_above=None, packages_above_and_dependencies=None, packages_above_depth=None, packages_select_by_dep=None, packages_skip_by_dep=None, packages_skip_up_to=None, packages_select_build_failed=False, packages_skip_build_finished=False, packages_select_test_failures=False, packages_skip_test_passed=False, packages_select=None, packages_skip=None, packages_select_regex=None, packages_skip_regex=None, packages_start=None, packages_end=None, cmake_args=None, cmake_target=None, cmake_target_skip_unavailable=False, cmake_clean_cache=False, cmake_clean_first=False, cmake_force_configure=False, ament_cmake_args=None, catkin_cmake_args=None, catkin_skip_building_tests=False, mixin_files=None, mixin=None, verb_parser=<colcon_mixin.mixin.mixin_argument.MixinArgumentDecorator object at 0x78b91b565a50>, verb_extension=<colcon_core.verb.build.BuildVerb object at 0x78b91b565570>, main=<bound method BuildVerb.main of <colcon_core.verb.build.BuildVerb object at 0x78b91b565570>>, mixin_verb=('build',))
[0.122s] Level 1:colcon.colcon_core.package_discovery:discover_packages(colcon_meta) check parameters
[0.122s] Level 1:colcon.colcon_core.package_discovery:discover_packages(recursive) check parameters
[0.122s] Level 1:colcon.colcon_core.package_discovery:discover_packages(ignore) check parameters
[0.122s] Level 1:colcon.colcon_core.package_discovery:discover_packages(path) check parameters
[0.122s] Level 1:colcon.colcon_core.package_discovery:discover_packages(colcon_meta) discover
[0.122s] Level 1:colcon.colcon_core.package_discovery:discover_packages(recursive) discover
[0.122s] INFO:colcon.colcon_core.package_discovery:Crawling recursively for packages in '/home/humble/humble_ws'
[0.122s] Level 1:colcon.colcon_core.package_identification:_identify(.) by extensions ['ignore', 'ignore_ament_install']
[0.122s] Level 1:colcon.colcon_core.package_identification:_identify(.) by extension 'ignore'
[0.122s] Level 1:colcon.colcon_core.package_identification:_identify(.) by extension 'ignore_ament_install'
[0.122s] Level 1:colcon.colcon_core.package_identification:_identify(.) by extensions ['colcon_pkg']
[0.122s] Level 1:colcon.colcon_core.package_identification:_identify(.) by extension 'colcon_pkg'
[0.122s] Level 1:colcon.colcon_core.package_identification:_identify(.) by extensions ['colcon_meta']
[0.122s] Level 1:colcon.colcon_core.package_identification:_identify(.) by extension 'colcon_meta'
[0.122s] Level 1:colcon.colcon_core.package_identification:_identify(.) by extensions ['ros']
[0.122s] Level 1:colcon.colcon_core.package_identification:_identify(.) by extension 'ros'
[0.129s] Level 1:colcon.colcon_core.package_identification:_identify(.) by extensions ['cmake', 'python']
[0.129s] Level 1:colcon.colcon_core.package_identification:_identify(.) by extension 'cmake'
[0.129s] Level 1:colcon.colcon_core.package_identification:_identify(.) by extension 'python'
[0.129s] Level 1:colcon.colcon_core.package_identification:_identify(.) by extensions ['python_setup_py']
[0.129s] Level 1:colcon.colcon_core.package_identification:_identify(.) by extension 'python_setup_py'
[0.129s] Level 1:colcon.colcon_core.package_identification:_identify(build) by extensions ['ignore', 'ignore_ament_install']
[0.129s] Level 1:colcon.colcon_core.package_identification:_identify(build) by extension 'ignore'
[0.130s] Level 1:colcon.colcon_core.package_identification:_identify(build) ignored
[0.130s] Level 1:colcon.colcon_core.package_identification:_identify(install) by extensions ['ignore', 'ignore_ament_install']
[0.130s] Level 1:colcon.colcon_core.package_identification:_identify(install) by extension 'ignore'
[0.130s] Level 1:colcon.colcon_core.package_identification:_identify(install) ignored
[0.130s] Level 1:colcon.colcon_core.package_identification:_identify(log) by extensions ['ignore', 'ignore_ament_install']
[0.130s] Level 1:colcon.colcon_core.package_identification:_identify(log) by extension 'ignore'
[0.130s] Level 1:colcon.colcon_core.package_identification:_identify(log) ignored
[0.130s] Level 1:colcon.colcon_core.package_identification:_identify(src) by extensions ['ignore', 'ignore_ament_install']
[0.130s] Level 1:colcon.colcon_core.package_identification:_identify(src) by extension 'ignore'
[0.130s] Level 1:colcon.colcon_core.package_identification:_identify(src) by extension 'ignore_ament_install'
[0.130s] Level 1:colcon.colcon_core.package_identification:_identify(src) by extensions ['colcon_pkg']
[0.130s] Level 1:colcon.colcon_core.package_identification:_identify(src) by extension 'colcon_pkg'
[0.130s] Level 1:colcon.colcon_core.package_identification:_identify(src) by extensions ['colcon_meta']
[0.130s] Level 1:colcon.colcon_core.package_identification:_identify(src) by extension 'colcon_meta'
[0.130s] Level 1:colcon.colcon_core.package_identification:_identify(src) by extensions ['ros']
[0.130s] Level 1:colcon.colcon_core.package_identification:_identify(src) by extension 'ros'
[0.130s] Level 1:colcon.colcon_core.package_identification:_identify(src) by extensions ['cmake', 'python']
[0.130s] Level 1:colcon.colcon_core.package_identification:_identify(src) by extension 'cmake'
[0.130s] Level 1:colcon.colcon_core.package_identification:_identify(src) by extension 'python'
[0.130s] Level 1:colcon.colcon_core.package_identification:_identify(src) by extensions ['python_setup_py']
[0.130s] Level 1:colcon.colcon_core.package_identification:_identify(src) by extension 'python_setup_py'
[0.130s] Level 1:colcon.colcon_core.package_identification:_identify(src/cpp_pubsub) by extensions ['ignore', 'ignore_ament_install']
[0.130s] Level 1:colcon.colcon_core.package_identification:_identify(src/cpp_pubsub) by extension 'ignore'
[0.130s] Level 1:colcon.colcon_core.package_identification:_identify(src/cpp_pubsub) by extension 'ignore_ament_install'
[0.130s] Level 1:colcon.colcon_core.package_identification:_identify(src/cpp_pubsub) by extensions ['colcon_pkg']
[0.130s] Level 1:colcon.colcon_core.package_identification:_identify(src/cpp_pubsub) by extension 'colcon_pkg'
[0.130s] Level 1:colcon.colcon_core.package_identification:_identify(src/cpp_pubsub) by extensions ['colcon_meta']
[0.130s] Level 1:colcon.colcon_core.package_identification:_identify(src/cpp_pubsub) by extension 'colcon_meta'
[0.130s] Level 1:colcon.colcon_core.package_identification:_identify(src/cpp_pubsub) by extensions ['ros']
[0.130s] Level 1:colcon.colcon_core.package_identification:_identify(src/cpp_pubsub) by extension 'ros'
[0.132s] DEBUG:colcon.colcon_core.package_identification:Package 'src/cpp_pubsub' with type 'ros.ament_cmake' and name 'cpp_pubsub'
[0.132s] Level 1:colcon.colcon_core.package_identification:_identify(src/my_package) by extensions ['ignore', 'ignore_ament_install']
[0.132s] Level 1:colcon.colcon_core.package_identification:_identify(src/my_package) by extension 'ignore'
[0.132s] Level 1:colcon.colcon_core.package_identification:_identify(src/my_package) by extension 'ignore_ament_install'
[0.132s] Level 1:colcon.colcon_core.package_identification:_identify(src/my_package) by extensions ['colcon_pkg']
[0.132s] Level 1:colcon.colcon_core.package_identification:_identify(src/my_package) by extension 'colcon_pkg'
[0.132s] Level 1:colcon.colcon_core.package_identification:_identify(src/my_package) by extensions ['colcon_meta']
[0.132s] Level 1:colcon.colcon_core.package_identification:_identify(src/my_package) by extension 'colcon_meta'
[0.132s] Level 1:colcon.colcon_core.package_identification:_identify(src/my_package) by extensions ['ros']
[0.132s] Level 1:colcon.colcon_core.package_identification:_identify(src/my_package) by extension 'ros'
[0.132s] DEBUG:colcon.colcon_core.package_identification:Package 'src/my_package' with type 'ros.ament_cmake' and name 'my_package'
[0.132s] Level 1:colcon.colcon_core.package_discovery:discover_packages(recursive) using defaults
[0.132s] Level 1:colcon.colcon_core.package_discovery:discover_packages(ignore) discover
[0.133s] Level 1:colcon.colcon_core.package_discovery:discover_packages(ignore) using defaults
[0.133s] Level 1:colcon.colcon_core.package_discovery:discover_packages(path) discover
[0.133s] Level 1:colcon.colcon_core.package_discovery:discover_packages(path) using defaults
[0.146s] Level 5:colcon.colcon_core.verb:set package 'cpp_pubsub' build argument 'cmake_args' from command line to 'None'
[0.146s] Level 5:colcon.colcon_core.verb:set package 'cpp_pubsub' build argument 'cmake_target' from command line to 'None'
[0.146s] Level 5:colcon.colcon_core.verb:set package 'cpp_pubsub' build argument 'cmake_target_skip_unavailable' from command line to 'False'
[0.146s] Level 5:colcon.colcon_core.verb:set package 'cpp_pubsub' build argument 'cmake_clean_cache' from command line to 'False'
[0.146s] Level 5:colcon.colcon_core.verb:set package 'cpp_pubsub' build argument 'cmake_clean_first' from command line to 'False'
[0.146s] Level 5:colcon.colcon_core.verb:set package 'cpp_pubsub' build argument 'cmake_force_configure' from command line to 'False'
[0.146s] Level 5:colcon.colcon_core.verb:set package 'cpp_pubsub' build argument 'ament_cmake_args' from command line to 'None'
[0.146s] Level 5:colcon.colcon_core.verb:set package 'cpp_pubsub' build argument 'catkin_cmake_args' from command line to 'None'
[0.146s] Level 5:colcon.colcon_core.verb:set package 'cpp_pubsub' build argument 'catkin_skip_building_tests' from command line to 'False'
[0.146s] DEBUG:colcon.colcon_core.verb:Building package 'cpp_pubsub' with the following arguments: {'ament_cmake_args': None, 'build_base': '/home/humble/humble_ws/build/cpp_pubsub', 'catkin_cmake_args': None, 'catkin_skip_building_tests': False, 'cmake_args': None, 'cmake_clean_cache': False, 'cmake_clean_first': False, 'cmake_force_configure': False, 'cmake_target': None, 'cmake_target_skip_unavailable': False, 'install_base': '/home/humble/humble_ws/install/cpp_pubsub', 'merge_install': False, 'path': '/home/humble/humble_ws/src/cpp_pubsub', 'symlink_install': False, 'test_result_base': None}
[0.146s] Level 5:colcon.colcon_core.verb:set package 'my_package' build argument 'cmake_args' from command line to 'None'
[0.146s] Level 5:colcon.colcon_core.verb:set package 'my_package' build argument 'cmake_target' from command line to 'None'
[0.146s] Level 5:colcon.colcon_core.verb:set package 'my_package' build argument 'cmake_target_skip_unavailable' from command line to 'False'
[0.146s] Level 5:colcon.colcon_core.verb:set package 'my_package' build argument 'cmake_clean_cache' from command line to 'False'
[0.146s] Level 5:colcon.colcon_core.verb:set package 'my_package' build argument 'cmake_clean_first' from command line to 'False'
[0.146s] Level 5:colcon.colcon_core.verb:set package 'my_package' build argument 'cmake_force_configure' from command line to 'False'
[0.146s] Level 5:colcon.colcon_core.verb:set package 'my_package' build argument 'ament_cmake_args' from command line to 'None'
[0.146s] Level 5:colcon.colcon_core.verb:set package 'my_package' build argument 'catkin_cmake_args' from command line to 'None'
[0.146s] Level 5:colcon.colcon_core.verb:set package 'my_package' build argument 'catkin_skip_building_tests' from command line to 'False'
[0.146s] DEBUG:colcon.colcon_core.verb:Building package 'my_package' with the following arguments: {'ament_cmake_args': None, 'build_base': '/home/humble/humble_ws/build/my_package', 'catkin_cmake_args': None, 'catkin_skip_building_tests': False, 'cmake_args': None, 'cmake_clean_cache': False, 'cmake_clean_first': False, 'cmake_force_configure': False, 'cmake_target': None, 'cmake_target_skip_unavailable': False, 'install_base': '/home/humble/humble_ws/install/my_package', 'merge_install': False, 'path': '/home/humble/humble_ws/src/my_package', 'symlink_install': False, 'test_result_base': None}
[0.146s] INFO:colcon.colcon_core.executor:Executing jobs using 'parallel' executor
[0.147s] DEBUG:colcon.colcon_parallel_executor.executor.parallel:run_until_complete
[0.147s] INFO:colcon.colcon_ros.task.ament_cmake.build:Building ROS package in '/home/humble/humble_ws/src/cpp_pubsub' with build type 'ament_cmake'
[0.147s] INFO:colcon.colcon_cmake.task.cmake.build:Building CMake package in '/home/humble/humble_ws/src/cpp_pubsub'
[0.148s] INFO:colcon.colcon_core.plugin_system:Skipping extension 'colcon_core.shell.bat': Not used on non-Windows systems
[0.149s] INFO:colcon.colcon_core.shell:Skip shell extension 'powershell' for command environment: Not usable outside of PowerShell
[0.149s] DEBUG:colcon.colcon_core.shell:Skip shell extension 'dsv' for command environment
[0.151s] INFO:colcon.colcon_ros.task.ament_cmake.build:Building ROS package in '/home/humble/humble_ws/src/my_package' with build type 'ament_cmake'
[0.151s] INFO:colcon.colcon_cmake.task.cmake.build:Building CMake package in '/home/humble/humble_ws/src/my_package'
[0.152s] INFO:colcon.colcon_core.shell:Skip shell extension 'powershell' for command environment: Not usable outside of PowerShell
[0.152s] DEBUG:colcon.colcon_core.shell:Skip shell extension 'dsv' for command environment
[0.156s] DEBUG:colcon.colcon_core.event_handler.log_command:Invoking command in '/home/humble/humble_ws/build/cpp_pubsub': CMAKE_PREFIX_PATH=${CMAKE_PREFIX_PATH}:/opt/ros/humble /usr/bin/cmake /home/humble/humble_ws/src/cpp_pubsub -DCMAKE_INSTALL_PREFIX=/home/humble/humble_ws/install/cpp_pubsub
[0.158s] DEBUG:colcon.colcon_core.event_handler.log_command:Invoking command in '/home/humble/humble_ws/build/my_package': CMAKE_PREFIX_PATH=${CMAKE_PREFIX_PATH}:/opt/ros/humble /usr/bin/cmake --build /home/humble/humble_ws/build/my_package -- -j18 -l18
[0.208s] DEBUG:colcon.colcon_core.event_handler.log_command:Invoked command in '/home/humble/humble_ws/build/my_package' returned '0': CMAKE_PREFIX_PATH=${CMAKE_PREFIX_PATH}:/opt/ros/humble /usr/bin/cmake --build /home/humble/humble_ws/build/my_package -- -j18 -l18
[0.216s] DEBUG:colcon.colcon_core.event_handler.log_command:Invoking command in '/home/humble/humble_ws/build/my_package': CMAKE_PREFIX_PATH=${CMAKE_PREFIX_PATH}:/opt/ros/humble /usr/bin/cmake --install /home/humble/humble_ws/build/my_package
[0.226s] Level 1:colcon.colcon_core.environment:create_environment_scripts_only(my_package)
[0.226s] DEBUG:colcon.colcon_core.event_handler.log_command:Invoked command in '/home/humble/humble_ws/build/my_package' returned '0': CMAKE_PREFIX_PATH=${CMAKE_PREFIX_PATH}:/opt/ros/humble /usr/bin/cmake --install /home/humble/humble_ws/build/my_package
[0.228s] Level 1:colcon.colcon_core.environment:checking '/home/humble/humble_ws/install/my_package' for CMake module files
[0.229s] Level 1:colcon.colcon_core.environment:checking '/home/humble/humble_ws/install/my_package' for CMake config files
[0.229s] Level 1:colcon.colcon_core.shell:create_environment_hook('my_package', 'cmake_prefix_path')
[0.229s] INFO:colcon.colcon_core.shell:Creating environment hook '/home/humble/humble_ws/install/my_package/share/my_package/hook/cmake_prefix_path.ps1'
[0.229s] INFO:colcon.colcon_core.shell:Creating environment descriptor '/home/humble/humble_ws/install/my_package/share/my_package/hook/cmake_prefix_path.dsv'
[0.230s] INFO:colcon.colcon_core.shell:Creating environment hook '/home/humble/humble_ws/install/my_package/share/my_package/hook/cmake_prefix_path.sh'
[0.230s] Level 1:colcon.colcon_core.environment:checking '/home/humble/humble_ws/install/my_package/lib'
[0.230s] Level 1:colcon.colcon_core.environment:checking '/home/humble/humble_ws/install/my_package/bin'
[0.230s] Level 1:colcon.colcon_core.environment:checking '/home/humble/humble_ws/install/my_package/lib/pkgconfig/my_package.pc'
[0.232s] Level 1:colcon.colcon_core.environment:checking '/home/humble/humble_ws/install/my_package/lib/python3.10/site-packages'
[0.232s] Level 1:colcon.colcon_core.environment:checking '/home/humble/humble_ws/install/my_package/bin'
[0.232s] INFO:colcon.colcon_core.shell:Creating package script '/home/humble/humble_ws/install/my_package/share/my_package/package.ps1'
[0.233s] INFO:colcon.colcon_core.shell:Creating package descriptor '/home/humble/humble_ws/install/my_package/share/my_package/package.dsv'
[0.233s] INFO:colcon.colcon_core.shell:Creating package script '/home/humble/humble_ws/install/my_package/share/my_package/package.sh'
[0.233s] INFO:colcon.colcon_core.shell:Creating package script '/home/humble/humble_ws/install/my_package/share/my_package/package.bash'
[0.234s] INFO:colcon.colcon_core.shell:Creating package script '/home/humble/humble_ws/install/my_package/share/my_package/package.zsh'
[0.234s] Level 1:colcon.colcon_core.environment:create_file_with_runtime_dependencies(/home/humble/humble_ws/install/my_package/share/colcon-core/packages/my_package)
[0.234s] Level 1:colcon.colcon_core.environment:create_environment_scripts_only(my_package)
[0.235s] Level 1:colcon.colcon_core.environment:checking '/home/humble/humble_ws/install/my_package' for CMake module files
[0.235s] Level 1:colcon.colcon_core.environment:checking '/home/humble/humble_ws/install/my_package' for CMake config files
[0.235s] Level 1:colcon.colcon_core.shell:create_environment_hook('my_package', 'cmake_prefix_path')
[0.235s] INFO:colcon.colcon_core.shell:Creating environment hook '/home/humble/humble_ws/install/my_package/share/my_package/hook/cmake_prefix_path.ps1'
[0.235s] INFO:colcon.colcon_core.shell:Creating environment descriptor '/home/humble/humble_ws/install/my_package/share/my_package/hook/cmake_prefix_path.dsv'
[0.235s] INFO:colcon.colcon_core.shell:Creating environment hook '/home/humble/humble_ws/install/my_package/share/my_package/hook/cmake_prefix_path.sh'
[0.236s] Level 1:colcon.colcon_core.environment:checking '/home/humble/humble_ws/install/my_package/lib'
[0.236s] Level 1:colcon.colcon_core.environment:checking '/home/humble/humble_ws/install/my_package/bin'
[0.236s] Level 1:colcon.colcon_core.environment:checking '/home/humble/humble_ws/install/my_package/lib/pkgconfig/my_package.pc'
[0.236s] Level 1:colcon.colcon_core.environment:checking '/home/humble/humble_ws/install/my_package/lib/python3.10/site-packages'
[0.236s] Level 1:colcon.colcon_core.environment:checking '/home/humble/humble_ws/install/my_package/bin'
[0.236s] INFO:colcon.colcon_core.shell:Creating package script '/home/humble/humble_ws/install/my_package/share/my_package/package.ps1'
[0.237s] INFO:colcon.colcon_core.shell:Creating package descriptor '/home/humble/humble_ws/install/my_package/share/my_package/package.dsv'
[0.237s] INFO:colcon.colcon_core.shell:Creating package script '/home/humble/humble_ws/install/my_package/share/my_package/package.sh'
[0.237s] INFO:colcon.colcon_core.shell:Creating package script '/home/humble/humble_ws/install/my_package/share/my_package/package.bash'
[0.237s] INFO:colcon.colcon_core.shell:Creating package script '/home/humble/humble_ws/install/my_package/share/my_package/package.zsh'
[0.237s] Level 1:colcon.colcon_core.environment:create_file_with_runtime_dependencies(/home/humble/humble_ws/install/my_package/share/colcon-core/packages/my_package)
[0.969s] DEBUG:colcon.colcon_core.event_handler.log_command:Invoked command in '/home/humble/humble_ws/build/cpp_pubsub' returned '0': CMAKE_PREFIX_PATH=${CMAKE_PREFIX_PATH}:/opt/ros/humble /usr/bin/cmake /home/humble/humble_ws/src/cpp_pubsub -DCMAKE_INSTALL_PREFIX=/home/humble/humble_ws/install/cpp_pubsub
[0.971s] DEBUG:colcon.colcon_core.event_handler.log_command:Invoking command in '/home/humble/humble_ws/build/cpp_pubsub': CMAKE_PREFIX_PATH=${CMAKE_PREFIX_PATH}:/opt/ros/humble /usr/bin/cmake --build /home/humble/humble_ws/build/cpp_pubsub -- -j18 -l18
[6.762s] DEBUG:colcon.colcon_core.event_handler.log_command:Invoked command in '/home/humble/humble_ws/build/cpp_pubsub' returned '0': CMAKE_PREFIX_PATH=${CMAKE_PREFIX_PATH}:/opt/ros/humble /usr/bin/cmake --build /home/humble/humble_ws/build/cpp_pubsub -- -j18 -l18
[6.762s] DEBUG:colcon.colcon_core.event_handler.log_command:Invoking command in '/home/humble/humble_ws/build/cpp_pubsub': CMAKE_PREFIX_PATH=${CMAKE_PREFIX_PATH}:/opt/ros/humble /usr/bin/cmake --install /home/humble/humble_ws/build/cpp_pubsub
[6.774s] Level 1:colcon.colcon_core.environment:create_environment_scripts_only(cpp_pubsub)
[6.774s] Level 1:colcon.colcon_core.environment:checking '/home/humble/humble_ws/install/cpp_pubsub' for CMake module files
[6.774s] DEBUG:colcon.colcon_core.event_handler.log_command:Invoked command in '/home/humble/humble_ws/build/cpp_pubsub' returned '0': CMAKE_PREFIX_PATH=${CMAKE_PREFIX_PATH}:/opt/ros/humble /usr/bin/cmake --install /home/humble/humble_ws/build/cpp_pubsub
[6.775s] Level 1:colcon.colcon_core.environment:checking '/home/humble/humble_ws/install/cpp_pubsub' for CMake config files
[6.775s] Level 1:colcon.colcon_core.shell:create_environment_hook('cpp_pubsub', 'cmake_prefix_path')
[6.775s] INFO:colcon.colcon_core.shell:Creating environment hook '/home/humble/humble_ws/install/cpp_pubsub/share/cpp_pubsub/hook/cmake_prefix_path.ps1'
[6.776s] INFO:colcon.colcon_core.shell:Creating environment descriptor '/home/humble/humble_ws/install/cpp_pubsub/share/cpp_pubsub/hook/cmake_prefix_path.dsv'
[6.777s] INFO:colcon.colcon_core.shell:Creating environment hook '/home/humble/humble_ws/install/cpp_pubsub/share/cpp_pubsub/hook/cmake_prefix_path.sh'
[6.777s] Level 1:colcon.colcon_core.environment:checking '/home/humble/humble_ws/install/cpp_pubsub/lib'
[6.777s] Level 1:colcon.colcon_core.environment:checking '/home/humble/humble_ws/install/cpp_pubsub/bin'
[6.777s] Level 1:colcon.colcon_core.environment:checking '/home/humble/humble_ws/install/cpp_pubsub/lib/pkgconfig/cpp_pubsub.pc'
[6.777s] Level 1:colcon.colcon_core.environment:checking '/home/humble/humble_ws/install/cpp_pubsub/lib/python3.10/site-packages'
[6.778s] Level 1:colcon.colcon_core.environment:checking '/home/humble/humble_ws/install/cpp_pubsub/bin'
[6.778s] INFO:colcon.colcon_core.shell:Creating package script '/home/humble/humble_ws/install/cpp_pubsub/share/cpp_pubsub/package.ps1'
[6.778s] INFO:colcon.colcon_core.shell:Creating package descriptor '/home/humble/humble_ws/install/cpp_pubsub/share/cpp_pubsub/package.dsv'
[6.778s] INFO:colcon.colcon_core.shell:Creating package script '/home/humble/humble_ws/install/cpp_pubsub/share/cpp_pubsub/package.sh'
[6.778s] INFO:colcon.colcon_core.shell:Creating package script '/home/humble/humble_ws/install/cpp_pubsub/share/cpp_pubsub/package.bash'
[6.779s] INFO:colcon.colcon_core.shell:Creating package script '/home/humble/humble_ws/install/cpp_pubsub/share/cpp_pubsub/package.zsh'
[6.779s] Level 1:colcon.colcon_core.environment:create_file_with_runtime_dependencies(/home/humble/humble_ws/install/cpp_pubsub/share/colcon-core/packages/cpp_pubsub)
[6.779s] Level 1:colcon.colcon_core.environment:create_environment_scripts_only(cpp_pubsub)
[6.779s] Level 1:colcon.colcon_core.environment:checking '/home/humble/humble_ws/install/cpp_pubsub' for CMake module files
[6.779s] Level 1:colcon.colcon_core.environment:checking '/home/humble/humble_ws/install/cpp_pubsub' for CMake config files
[6.780s] Level 1:colcon.colcon_core.shell:create_environment_hook('cpp_pubsub', 'cmake_prefix_path')
[6.780s] INFO:colcon.colcon_core.shell:Creating environment hook '/home/humble/humble_ws/install/cpp_pubsub/share/cpp_pubsub/hook/cmake_prefix_path.ps1'
[6.780s] INFO:colcon.colcon_core.shell:Creating environment descriptor '/home/humble/humble_ws/install/cpp_pubsub/share/cpp_pubsub/hook/cmake_prefix_path.dsv'
[6.780s] INFO:colcon.colcon_core.shell:Creating environment hook '/home/humble/humble_ws/install/cpp_pubsub/share/cpp_pubsub/hook/cmake_prefix_path.sh'
[6.780s] Level 1:colcon.colcon_core.environment:checking '/home/humble/humble_ws/install/cpp_pubsub/lib'
[6.780s] Level 1:colcon.colcon_core.environment:checking '/home/humble/humble_ws/install/cpp_pubsub/bin'
[6.780s] Level 1:colcon.colcon_core.environment:checking '/home/humble/humble_ws/install/cpp_pubsub/lib/pkgconfig/cpp_pubsub.pc'
[6.781s] Level 1:colcon.colcon_core.environment:checking '/home/humble/humble_ws/install/cpp_pubsub/lib/python3.10/site-packages'
[6.781s] Level 1:colcon.colcon_core.environment:checking '/home/humble/humble_ws/install/cpp_pubsub/bin'
[6.781s] INFO:colcon.colcon_core.shell:Creating package script '/home/humble/humble_ws/install/cpp_pubsub/share/cpp_pubsub/package.ps1'
[6.781s] INFO:colcon.colcon_core.shell:Creating package descriptor '/home/humble/humble_ws/install/cpp_pubsub/share/cpp_pubsub/package.dsv'
[6.781s] INFO:colcon.colcon_core.shell:Creating package script '/home/humble/humble_ws/install/cpp_pubsub/share/cpp_pubsub/package.sh'
[6.782s] INFO:colcon.colcon_core.shell:Creating package script '/home/humble/humble_ws/install/cpp_pubsub/share/cpp_pubsub/package.bash'
[6.782s] INFO:colcon.colcon_core.shell:Creating package script '/home/humble/humble_ws/install/cpp_pubsub/share/cpp_pubsub/package.zsh'
[6.782s] Level 1:colcon.colcon_core.environment:create_file_with_runtime_dependencies(/home/humble/humble_ws/install/cpp_pubsub/share/colcon-core/packages/cpp_pubsub)
[6.782s] DEBUG:colcon.colcon_parallel_executor.executor.parallel:closing loop
[6.782s] DEBUG:colcon.colcon_parallel_executor.executor.parallel:loop closed
[6.782s] DEBUG:colcon.colcon_parallel_executor.executor.parallel:run_until_complete finished with '0'
[6.782s] DEBUG:colcon.colcon_core.event_reactor:joining thread
[6.786s] INFO:colcon.colcon_core.plugin_system:Skipping extension 'colcon_notification.desktop_notification.notify_send': Could not find 'notify-send'
[6.786s] INFO:colcon.colcon_core.plugin_system:Skipping extension 'colcon_notification.desktop_notification.terminal_notifier': Not used on non-Darwin systems
[6.786s] INFO:colcon.colcon_core.plugin_system:Skipping extension 'colcon_notification.desktop_notification.win32': Not used on non-Windows systems
[6.787s] INFO:colcon.colcon_notification.desktop_notification:Sending desktop notification using 'notify2'
[6.787s] DEBUG:colcon.colcon_notification.desktop_notification.notify2:Failed to initialize notify2: org.freedesktop.DBus.Error.InvalidFileContent: D-Bus library appears to be incorrectly set up: see the manual page for dbus-uuidgen to correct this issue. (Failed to open "/var/lib/dbus/machine-id": No such file or directory; UUID file '/etc/machine-id' should contain a hex string of length 32, not length 0, with no other text)
[6.787s] DEBUG:colcon.colcon_core.event_reactor:joined thread
[6.787s] INFO:colcon.colcon_core.shell:Creating prefix script '/home/humble/humble_ws/install/local_setup.ps1'
[6.787s] INFO:colcon.colcon_core.shell:Creating prefix util module '/home/humble/humble_ws/install/_local_setup_util_ps1.py'
[6.788s] INFO:colcon.colcon_core.shell:Creating prefix chain script '/home/humble/humble_ws/install/setup.ps1'
[6.789s] INFO:colcon.colcon_core.shell:Creating prefix script '/home/humble/humble_ws/install/local_setup.sh'
[6.789s] INFO:colcon.colcon_core.shell:Creating prefix util module '/home/humble/humble_ws/install/_local_setup_util_sh.py'
[6.789s] INFO:colcon.colcon_core.shell:Creating prefix chain script '/home/humble/humble_ws/install/setup.sh'
[6.790s] INFO:colcon.colcon_core.shell:Creating prefix script '/home/humble/humble_ws/install/local_setup.bash'
[6.790s] INFO:colcon.colcon_core.shell:Creating prefix chain script '/home/humble/humble_ws/install/setup.bash'
[6.791s] INFO:colcon.colcon_core.shell:Creating prefix script '/home/humble/humble_ws/install/local_setup.zsh'
[6.791s] INFO:colcon.colcon_core.shell:Creating prefix chain script '/home/humble/humble_ws/install/setup.zsh'
