[0.095s] DEBUG:colcon:Command line arguments: ['/usr/bin/colcon', 'build']
[0.095s] DEBUG:colcon:Parsed command line arguments: Namespace(log_base=None, log_level=None, verb_name='build', build_base='build', install_base='install', merge_install=False, symlink_install=False, test_result_base=None, continue_on_error=False, executor='parallel', parallel_workers=18, event_handlers=None, ignore_user_meta=False, metas=['./colcon.meta'], base_paths=['.'], packages_ignore=None, packages_ignore_regex=None, paths=None, packages_up_to=None, packages_up_to_regex=None, packages_above=None, packages_above_and_dependencies=None, packages_above_depth=None, packages_select_by_dep=None, packages_skip_by_dep=None, packages_skip_up_to=None, packages_select_build_failed=False, packages_skip_build_finished=False, packages_select_test_failures=False, packages_skip_test_passed=False, packages_select=None, packages_skip=None, packages_select_regex=None, packages_skip_regex=None, packages_start=None, packages_end=None, cmake_args=None, cmake_target=None, cmake_target_skip_unavailable=False, cmake_clean_cache=False, cmake_clean_first=False, cmake_force_configure=False, ament_cmake_args=None, catkin_cmake_args=None, catkin_skip_building_tests=False, mixin_files=None, mixin=None, verb_parser=<colcon_mixin.mixin.mixin_argument.MixinArgumentDecorator object at 0x7090830b5a80>, verb_extension=<colcon_core.verb.build.BuildVerb object at 0x7090830b55a0>, main=<bound method BuildVerb.main of <colcon_core.verb.build.BuildVerb object at 0x7090830b55a0>>, mixin_verb=('build',))
[0.190s] Level 1:colcon.colcon_core.package_discovery:discover_packages(colcon_meta) check parameters
[0.190s] Level 1:colcon.colcon_core.package_discovery:discover_packages(recursive) check parameters
[0.190s] Level 1:colcon.colcon_core.package_discovery:discover_packages(ignore) check parameters
[0.190s] Level 1:colcon.colcon_core.package_discovery:discover_packages(path) check parameters
[0.190s] Level 1:colcon.colcon_core.package_discovery:discover_packages(colcon_meta) discover
[0.190s] Level 1:colcon.colcon_core.package_discovery:discover_packages(recursive) discover
[0.190s] INFO:colcon.colcon_core.package_discovery:Crawling recursively for packages in '/home/humble/humble_ws'
[0.190s] Level 1:colcon.colcon_core.package_identification:_identify(.) by extensions ['ignore', 'ignore_ament_install']
[0.190s] Level 1:colcon.colcon_core.package_identification:_identify(.) by extension 'ignore'
[0.190s] Level 1:colcon.colcon_core.package_identification:_identify(.) by extension 'ignore_ament_install'
[0.190s] Level 1:colcon.colcon_core.package_identification:_identify(.) by extensions ['colcon_pkg']
[0.190s] Level 1:colcon.colcon_core.package_identification:_identify(.) by extension 'colcon_pkg'
[0.190s] Level 1:colcon.colcon_core.package_identification:_identify(.) by extensions ['colcon_meta']
[0.190s] Level 1:colcon.colcon_core.package_identification:_identify(.) by extension 'colcon_meta'
[0.190s] Level 1:colcon.colcon_core.package_identification:_identify(.) by extensions ['ros']
[0.190s] Level 1:colcon.colcon_core.package_identification:_identify(.) by extension 'ros'
[0.197s] Level 1:colcon.colcon_core.package_identification:_identify(.) by extensions ['cmake', 'python']
[0.197s] Level 1:colcon.colcon_core.package_identification:_identify(.) by extension 'cmake'
[0.197s] Level 1:colcon.colcon_core.package_identification:_identify(.) by extension 'python'
[0.197s] Level 1:colcon.colcon_core.package_identification:_identify(.) by extensions ['python_setup_py']
[0.197s] Level 1:colcon.colcon_core.package_identification:_identify(.) by extension 'python_setup_py'
[0.197s] Level 1:colcon.colcon_core.package_identification:_identify(build) by extensions ['ignore', 'ignore_ament_install']
[0.197s] Level 1:colcon.colcon_core.package_identification:_identify(build) by extension 'ignore'
[0.197s] Level 1:colcon.colcon_core.package_identification:_identify(build) ignored
[0.198s] Level 1:colcon.colcon_core.package_identification:_identify(install) by extensions ['ignore', 'ignore_ament_install']
[0.198s] Level 1:colcon.colcon_core.package_identification:_identify(install) by extension 'ignore'
[0.198s] Level 1:colcon.colcon_core.package_identification:_identify(install) ignored
[0.198s] Level 1:colcon.colcon_core.package_identification:_identify(log) by extensions ['ignore', 'ignore_ament_install']
[0.198s] Level 1:colcon.colcon_core.package_identification:_identify(log) by extension 'ignore'
[0.198s] Level 1:colcon.colcon_core.package_identification:_identify(log) ignored
[0.198s] Level 1:colcon.colcon_core.package_identification:_identify(src) by extensions ['ignore', 'ignore_ament_install']
[0.198s] Level 1:colcon.colcon_core.package_identification:_identify(src) by extension 'ignore'
[0.198s] Level 1:colcon.colcon_core.package_identification:_identify(src) by extension 'ignore_ament_install'
[0.198s] Level 1:colcon.colcon_core.package_identification:_identify(src) by extensions ['colcon_pkg']
[0.198s] Level 1:colcon.colcon_core.package_identification:_identify(src) by extension 'colcon_pkg'
[0.198s] Level 1:colcon.colcon_core.package_identification:_identify(src) by extensions ['colcon_meta']
[0.198s] Level 1:colcon.colcon_core.package_identification:_identify(src) by extension 'colcon_meta'
[0.198s] Level 1:colcon.colcon_core.package_identification:_identify(src) by extensions ['ros']
[0.198s] Level 1:colcon.colcon_core.package_identification:_identify(src) by extension 'ros'
[0.198s] Level 1:colcon.colcon_core.package_identification:_identify(src) by extensions ['cmake', 'python']
[0.198s] Level 1:colcon.colcon_core.package_identification:_identify(src) by extension 'cmake'
[0.198s] Level 1:colcon.colcon_core.package_identification:_identify(src) by extension 'python'
[0.198s] Level 1:colcon.colcon_core.package_identification:_identify(src) by extensions ['python_setup_py']
[0.198s] Level 1:colcon.colcon_core.package_identification:_identify(src) by extension 'python_setup_py'
[0.198s] Level 1:colcon.colcon_core.package_identification:_identify(src/pub_sub_pkg) by extensions ['ignore', 'ignore_ament_install']
[0.198s] Level 1:colcon.colcon_core.package_identification:_identify(src/pub_sub_pkg) by extension 'ignore'
[0.198s] Level 1:colcon.colcon_core.package_identification:_identify(src/pub_sub_pkg) by extension 'ignore_ament_install'
[0.198s] Level 1:colcon.colcon_core.package_identification:_identify(src/pub_sub_pkg) by extensions ['colcon_pkg']
[0.198s] Level 1:colcon.colcon_core.package_identification:_identify(src/pub_sub_pkg) by extension 'colcon_pkg'
[0.198s] Level 1:colcon.colcon_core.package_identification:_identify(src/pub_sub_pkg) by extensions ['colcon_meta']
[0.198s] Level 1:colcon.colcon_core.package_identification:_identify(src/pub_sub_pkg) by extension 'colcon_meta'
[0.198s] Level 1:colcon.colcon_core.package_identification:_identify(src/pub_sub_pkg) by extensions ['ros']
[0.198s] Level 1:colcon.colcon_core.package_identification:_identify(src/pub_sub_pkg) by extension 'ros'
[0.200s] DEBUG:colcon.colcon_core.package_identification:Package 'src/pub_sub_pkg' with type 'ros.ament_cmake' and name 'pub_sub_pkg'
[0.200s] Level 1:colcon.colcon_core.package_discovery:discover_packages(recursive) using defaults
[0.200s] Level 1:colcon.colcon_core.package_discovery:discover_packages(ignore) discover
[0.200s] Level 1:colcon.colcon_core.package_discovery:discover_packages(ignore) using defaults
[0.200s] Level 1:colcon.colcon_core.package_discovery:discover_packages(path) discover
[0.200s] Level 1:colcon.colcon_core.package_discovery:discover_packages(path) using defaults
[0.216s] Level 5:colcon.colcon_core.verb:set package 'pub_sub_pkg' build argument 'cmake_args' from command line to 'None'
[0.216s] Level 5:colcon.colcon_core.verb:set package 'pub_sub_pkg' build argument 'cmake_target' from command line to 'None'
[0.216s] Level 5:colcon.colcon_core.verb:set package 'pub_sub_pkg' build argument 'cmake_target_skip_unavailable' from command line to 'False'
[0.216s] Level 5:colcon.colcon_core.verb:set package 'pub_sub_pkg' build argument 'cmake_clean_cache' from command line to 'False'
[0.216s] Level 5:colcon.colcon_core.verb:set package 'pub_sub_pkg' build argument 'cmake_clean_first' from command line to 'False'
[0.216s] Level 5:colcon.colcon_core.verb:set package 'pub_sub_pkg' build argument 'cmake_force_configure' from command line to 'False'
[0.216s] Level 5:colcon.colcon_core.verb:set package 'pub_sub_pkg' build argument 'ament_cmake_args' from command line to 'None'
[0.216s] Level 5:colcon.colcon_core.verb:set package 'pub_sub_pkg' build argument 'catkin_cmake_args' from command line to 'None'
[0.216s] Level 5:colcon.colcon_core.verb:set package 'pub_sub_pkg' build argument 'catkin_skip_building_tests' from command line to 'False'
[0.216s] DEBUG:colcon.colcon_core.verb:Building package 'pub_sub_pkg' with the following arguments: {'ament_cmake_args': None, 'build_base': '/home/humble/humble_ws/build/pub_sub_pkg', 'catkin_cmake_args': None, 'catkin_skip_building_tests': False, 'cmake_args': None, 'cmake_clean_cache': False, 'cmake_clean_first': False, 'cmake_force_configure': False, 'cmake_target': None, 'cmake_target_skip_unavailable': False, 'install_base': '/home/humble/humble_ws/install/pub_sub_pkg', 'merge_install': False, 'path': '/home/humble/humble_ws/src/pub_sub_pkg', 'symlink_install': False, 'test_result_base': None}
[0.217s] INFO:colcon.colcon_core.executor:Executing jobs using 'parallel' executor
[0.217s] DEBUG:colcon.colcon_parallel_executor.executor.parallel:run_until_complete
[0.218s] INFO:colcon.colcon_ros.task.ament_cmake.build:Building ROS package in '/home/humble/humble_ws/src/pub_sub_pkg' with build type 'ament_cmake'
[0.218s] INFO:colcon.colcon_cmake.task.cmake.build:Building CMake package in '/home/humble/humble_ws/src/pub_sub_pkg'
[0.221s] INFO:colcon.colcon_core.plugin_system:Skipping extension 'colcon_core.shell.bat': Not used on non-Windows systems
[0.222s] INFO:colcon.colcon_core.shell:Skip shell extension 'powershell' for command environment: Not usable outside of PowerShell
[0.222s] DEBUG:colcon.colcon_core.shell:Skip shell extension 'dsv' for command environment
[0.231s] DEBUG:colcon.colcon_core.event_handler.log_command:Invoking command in '/home/humble/humble_ws/build/pub_sub_pkg': CMAKE_PREFIX_PATH=/opt/ros/humble /usr/bin/cmake /home/humble/humble_ws/src/pub_sub_pkg -DCMAKE_INSTALL_PREFIX=/home/humble/humble_ws/install/pub_sub_pkg
[0.757s] DEBUG:colcon.colcon_core.event_handler.log_command:Invoked command in '/home/humble/humble_ws/build/pub_sub_pkg' returned '0': CMAKE_PREFIX_PATH=/opt/ros/humble /usr/bin/cmake /home/humble/humble_ws/src/pub_sub_pkg -DCMAKE_INSTALL_PREFIX=/home/humble/humble_ws/install/pub_sub_pkg
[0.759s] DEBUG:colcon.colcon_core.event_handler.log_command:Invoking command in '/home/humble/humble_ws/build/pub_sub_pkg': CMAKE_PREFIX_PATH=/opt/ros/humble /usr/bin/cmake --build /home/humble/humble_ws/build/pub_sub_pkg -- -j18 -l18
[0.791s] DEBUG:colcon.colcon_core.event_handler.log_command:Invoked command in '/home/humble/humble_ws/build/pub_sub_pkg' returned '0': CMAKE_PREFIX_PATH=/opt/ros/humble /usr/bin/cmake --build /home/humble/humble_ws/build/pub_sub_pkg -- -j18 -l18
[0.800s] DEBUG:colcon.colcon_core.event_handler.log_command:Invoking command in '/home/humble/humble_ws/build/pub_sub_pkg': CMAKE_PREFIX_PATH=/opt/ros/humble /usr/bin/cmake --install /home/humble/humble_ws/build/pub_sub_pkg
[0.808s] Level 1:colcon.colcon_core.environment:create_environment_scripts_only(pub_sub_pkg)
[0.809s] DEBUG:colcon.colcon_core.event_handler.log_command:Invoked command in '/home/humble/humble_ws/build/pub_sub_pkg' returned '0': CMAKE_PREFIX_PATH=/opt/ros/humble /usr/bin/cmake --install /home/humble/humble_ws/build/pub_sub_pkg
[0.813s] Level 1:colcon.colcon_core.environment:checking '/home/humble/humble_ws/install/pub_sub_pkg' for CMake module files
[0.814s] Level 1:colcon.colcon_core.environment:checking '/home/humble/humble_ws/install/pub_sub_pkg' for CMake config files
[0.814s] Level 1:colcon.colcon_core.shell:create_environment_hook('pub_sub_pkg', 'cmake_prefix_path')
[0.814s] INFO:colcon.colcon_core.shell:Creating environment hook '/home/humble/humble_ws/install/pub_sub_pkg/share/pub_sub_pkg/hook/cmake_prefix_path.ps1'
[0.815s] INFO:colcon.colcon_core.shell:Creating environment descriptor '/home/humble/humble_ws/install/pub_sub_pkg/share/pub_sub_pkg/hook/cmake_prefix_path.dsv'
[0.815s] INFO:colcon.colcon_core.shell:Creating environment hook '/home/humble/humble_ws/install/pub_sub_pkg/share/pub_sub_pkg/hook/cmake_prefix_path.sh'
[0.816s] Level 1:colcon.colcon_core.environment:checking '/home/humble/humble_ws/install/pub_sub_pkg/bin'
[0.816s] Level 1:colcon.colcon_core.environment:checking '/home/humble/humble_ws/install/pub_sub_pkg/lib/pkgconfig/pub_sub_pkg.pc'
[0.817s] Level 1:colcon.colcon_core.environment:checking '/home/humble/humble_ws/install/pub_sub_pkg/lib/python3.10/site-packages'
[0.817s] Level 1:colcon.colcon_core.environment:checking '/home/humble/humble_ws/install/pub_sub_pkg/bin'
[0.817s] INFO:colcon.colcon_core.shell:Creating package script '/home/humble/humble_ws/install/pub_sub_pkg/share/pub_sub_pkg/package.ps1'
[0.818s] INFO:colcon.colcon_core.shell:Creating package descriptor '/home/humble/humble_ws/install/pub_sub_pkg/share/pub_sub_pkg/package.dsv'
[0.818s] INFO:colcon.colcon_core.shell:Creating package script '/home/humble/humble_ws/install/pub_sub_pkg/share/pub_sub_pkg/package.sh'
[0.819s] INFO:colcon.colcon_core.shell:Creating package script '/home/humble/humble_ws/install/pub_sub_pkg/share/pub_sub_pkg/package.bash'
[0.819s] INFO:colcon.colcon_core.shell:Creating package script '/home/humble/humble_ws/install/pub_sub_pkg/share/pub_sub_pkg/package.zsh'
[0.820s] Level 1:colcon.colcon_core.environment:create_file_with_runtime_dependencies(/home/humble/humble_ws/install/pub_sub_pkg/share/colcon-core/packages/pub_sub_pkg)
[0.820s] Level 1:colcon.colcon_core.environment:create_environment_scripts_only(pub_sub_pkg)
[0.820s] Level 1:colcon.colcon_core.environment:checking '/home/humble/humble_ws/install/pub_sub_pkg' for CMake module files
[0.820s] Level 1:colcon.colcon_core.environment:checking '/home/humble/humble_ws/install/pub_sub_pkg' for CMake config files
[0.821s] Level 1:colcon.colcon_core.shell:create_environment_hook('pub_sub_pkg', 'cmake_prefix_path')
[0.821s] INFO:colcon.colcon_core.shell:Creating environment hook '/home/humble/humble_ws/install/pub_sub_pkg/share/pub_sub_pkg/hook/cmake_prefix_path.ps1'
[0.821s] INFO:colcon.colcon_core.shell:Creating environment descriptor '/home/humble/humble_ws/install/pub_sub_pkg/share/pub_sub_pkg/hook/cmake_prefix_path.dsv'
[0.821s] INFO:colcon.colcon_core.shell:Creating environment hook '/home/humble/humble_ws/install/pub_sub_pkg/share/pub_sub_pkg/hook/cmake_prefix_path.sh'
[0.821s] Level 1:colcon.colcon_core.environment:checking '/home/humble/humble_ws/install/pub_sub_pkg/bin'
[0.821s] Level 1:colcon.colcon_core.environment:checking '/home/humble/humble_ws/install/pub_sub_pkg/lib/pkgconfig/pub_sub_pkg.pc'
[0.821s] Level 1:colcon.colcon_core.environment:checking '/home/humble/humble_ws/install/pub_sub_pkg/lib/python3.10/site-packages'
[0.822s] Level 1:colcon.colcon_core.environment:checking '/home/humble/humble_ws/install/pub_sub_pkg/bin'
[0.822s] INFO:colcon.colcon_core.shell:Creating package script '/home/humble/humble_ws/install/pub_sub_pkg/share/pub_sub_pkg/package.ps1'
[0.822s] INFO:colcon.colcon_core.shell:Creating package descriptor '/home/humble/humble_ws/install/pub_sub_pkg/share/pub_sub_pkg/package.dsv'
[0.822s] INFO:colcon.colcon_core.shell:Creating package script '/home/humble/humble_ws/install/pub_sub_pkg/share/pub_sub_pkg/package.sh'
[0.822s] INFO:colcon.colcon_core.shell:Creating package script '/home/humble/humble_ws/install/pub_sub_pkg/share/pub_sub_pkg/package.bash'
[0.823s] INFO:colcon.colcon_core.shell:Creating package script '/home/humble/humble_ws/install/pub_sub_pkg/share/pub_sub_pkg/package.zsh'
[0.823s] Level 1:colcon.colcon_core.environment:create_file_with_runtime_dependencies(/home/humble/humble_ws/install/pub_sub_pkg/share/colcon-core/packages/pub_sub_pkg)
[0.823s] DEBUG:colcon.colcon_parallel_executor.executor.parallel:closing loop
[0.823s] DEBUG:colcon.colcon_parallel_executor.executor.parallel:loop closed
[0.823s] DEBUG:colcon.colcon_parallel_executor.executor.parallel:run_until_complete finished with '0'
[0.823s] DEBUG:colcon.colcon_core.event_reactor:joining thread
[0.830s] INFO:colcon.colcon_core.plugin_system:Skipping extension 'colcon_notification.desktop_notification.notify_send': Could not find 'notify-send'
[0.830s] INFO:colcon.colcon_core.plugin_system:Skipping extension 'colcon_notification.desktop_notification.terminal_notifier': Not used on non-Darwin systems
[0.830s] INFO:colcon.colcon_core.plugin_system:Skipping extension 'colcon_notification.desktop_notification.win32': Not used on non-Windows systems
[0.830s] INFO:colcon.colcon_notification.desktop_notification:Sending desktop notification using 'notify2'
[0.832s] DEBUG:colcon.colcon_notification.desktop_notification.notify2:Failed to initialize notify2: org.freedesktop.DBus.Error.InvalidFileContent: D-Bus library appears to be incorrectly set up: see the manual page for dbus-uuidgen to correct this issue. (Failed to open "/var/lib/dbus/machine-id": No such file or directory; UUID file '/etc/machine-id' should contain a hex string of length 32, not length 0, with no other text)
[0.833s] DEBUG:colcon.colcon_core.event_reactor:joined thread
[0.833s] INFO:colcon.colcon_core.shell:Creating prefix script '/home/humble/humble_ws/install/local_setup.ps1'
[0.834s] INFO:colcon.colcon_core.shell:Creating prefix util module '/home/humble/humble_ws/install/_local_setup_util_ps1.py'
[0.835s] INFO:colcon.colcon_core.shell:Creating prefix chain script '/home/humble/humble_ws/install/setup.ps1'
[0.835s] INFO:colcon.colcon_core.shell:Creating prefix script '/home/humble/humble_ws/install/local_setup.sh'
[0.836s] INFO:colcon.colcon_core.shell:Creating prefix util module '/home/humble/humble_ws/install/_local_setup_util_sh.py'
[0.836s] INFO:colcon.colcon_core.shell:Creating prefix chain script '/home/humble/humble_ws/install/setup.sh'
[0.837s] INFO:colcon.colcon_core.shell:Creating prefix script '/home/humble/humble_ws/install/local_setup.bash'
[0.837s] INFO:colcon.colcon_core.shell:Creating prefix chain script '/home/humble/humble_ws/install/setup.bash'
[0.838s] INFO:colcon.colcon_core.shell:Creating prefix script '/home/humble/humble_ws/install/local_setup.zsh'
[0.838s] INFO:colcon.colcon_core.shell:Creating prefix chain script '/home/humble/humble_ws/install/setup.zsh'
